# JRE version: Java(TM) SE Runtime Environment (8.0_201-b09) (build 1.8.0_201-b09)
# Java VM: Java HotSpot(TM) 64-Bit Server VM (25.201-b09 mixed mode windows-amd64 compressed oops)
Heap:
 PSYoungGen      total 150528K, used 45093K [0x00000000f5580000, 0x0000000100000000, 0x0000000100000000)
  eden space 126976K, 30% used [0x00000000f5580000,0x00000000f7b816c8,0x00000000fd180000)
  from space 23552K, 26% used [0x00000000fe880000,0x00000000fee87d58,0x00000000fff80000)
  to   space 23552K, 0% used [0x00000000fd180000,0x00000000fd180000,0x00000000fe880000)
 ParOldGen       total 349696K, used 24852K [0x00000000e0000000, 0x00000000f5580000, 0x00000000f5580000)
  object space 349696K, 7% used [0x00000000e0000000,0x00000000e1845270,0x00000000f5580000)
 Metaspace       used 60585K, capacity 62276K, committed 62888K, reserved 1103872K
  class space    used 8077K, capacity 8458K, committed 8616K, reserved 1048576K
GC Heap History (10 events):
Event: 598.104 GC heap before
{Heap before GC invocations=11 (full 2):
 PSYoungGen      total 155648K, used 152949K [0x00000000f5580000, 0x0000000100000000, 0x0000000100000000)
  eden space 138752K, 100% used [0x00000000f5580000,0x00000000fdd00000,0x00000000fdd00000)
  from space 16896K, 84% used [0x00000000fef80000,0x00000000ffd5d578,0x0000000100000000)
  to   space 17920K, 0% used [0x00000000fdd00000,0x00000000fdd00000,0x00000000fee80000)
 ParOldGen       total 330240K, used 16072K [0x00000000e0000000, 0x00000000f4280000, 0x00000000f5580000)
  object space 330240K, 4% used [0x00000000e0000000,0x00000000e0fb23e8,0x00000000f4280000)
 Metaspace       used 54955K, capacity 56240K, committed 56488K, reserved 1097728K
  class space    used 7545K, capacity 7823K, committed 7848K, reserved 1048576K
Event: 598.115 GC heap after
Heap after GC invocations=11 (full 2):
 PSYoungGen      total 154624K, used 17892K [0x00000000f5580000, 0x0000000100000000, 0x0000000100000000)
  eden space 136704K, 0% used [0x00000000f5580000,0x00000000f5580000,0x00000000fdb00000)
  from space 17920K, 99% used [0x00000000fdd00000,0x00000000fee79100,0x00000000fee80000)
  to   space 17920K, 0% used [0x00000000fee80000,0x00000000fee80000,0x0000000100000000)
 ParOldGen       total 330240K, used 21974K [0x00000000e0000000, 0x00000000f4280000, 0x00000000f5580000)
  object space 330240K, 6% used [0x00000000e0000000,0x00000000e1575be0,0x00000000f4280000)
 Metaspace       used 54955K, capacity 56240K, committed 56488K, reserved 1097728K
  class space    used 7545K, capacity 7823K, committed 7848K, reserved 1048576K
}
Event: 604.004 GC heap before
{Heap before GC invocations=12 (full 2):
 PSYoungGen      total 154624K, used 154596K [0x00000000f5580000, 0x0000000100000000, 0x0000000100000000)
  eden space 136704K, 100% used [0x00000000f5580000,0x00000000fdb00000,0x00000000fdb00000)
  from space 17920K, 99% used [0x00000000fdd00000,0x00000000fee79100,0x00000000fee80000)
  to   space 17920K, 0% used [0x00000000fee80000,0x00000000fee80000,0x0000000100000000)
 ParOldGen       total 330240K, used 21974K [0x00000000e0000000, 0x00000000f4280000, 0x00000000f5580000)
  object space 330240K, 6% used [0x00000000e0000000,0x00000000e1575be0,0x00000000f4280000)
 Metaspace       used 55784K, capacity 57036K, committed 57256K, reserved 1099776K
  class space    used 7554K, capacity 7825K, committed 7848K, reserved 1048576K
Event: 604.011 GC heap after
Heap after GC invocations=12 (full 2):
 PSYoungGen      total 146432K, used 15190K [0x00000000f5580000, 0x0000000100000000, 0x0000000100000000)
  eden space 128512K, 0% used [0x00000000f5580000,0x00000000f5580000,0x00000000fd300000)
  from space 17920K, 84% used [0x00000000fee80000,0x00000000ffd55960,0x0000000100000000)
  to   space 23040K, 0% used [0x00000000fd300000,0x00000000fd300000,0x00000000fe980000)
 ParOldGen       total 330240K, used 22046K [0x00000000e0000000, 0x00000000f4280000, 0x00000000f5580000)
  object space 330240K, 6% used [0x00000000e0000000,0x00000000e1587bf0,0x00000000f4280000)
 Metaspace       used 55784K, capacity 57036K, committed 57256K, reserved 1099776K
  class space    used 7554K, capacity 7825K, committed 7848K, reserved 1048576K
}
Event: 2595.170 GC heap before
{Heap before GC invocations=13 (full 2):
 PSYoungGen      total 146432K, used 94047K [0x00000000f5580000, 0x0000000100000000, 0x0000000100000000)
  eden space 128512K, 61% used [0x00000000f5580000,0x00000000fa2822a8,0x00000000fd300000)
  from space 17920K, 84% used [0x00000000fee80000,0x00000000ffd55960,0x0000000100000000)
  to   space 23040K, 0% used [0x00000000fd300000,0x00000000fd300000,0x00000000fe980000)
 ParOldGen       total 330240K, used 22046K [0x00000000e0000000, 0x00000000f4280000, 0x00000000f5580000)
  object space 330240K, 6% used [0x00000000e0000000,0x00000000e1587bf0,0x00000000f4280000)
 Metaspace       used 57499K, capacity 59104K, committed 59160K, reserved 1099776K
  class space    used 7756K, capacity 8101K, committed 8104K, reserved 1048576K
Event: 2595.178 GC heap after
Heap after GC invocations=13 (full 2):
 PSYoungGen      total 143872K, used 16807K [0x00000000f5580000, 0x00000000fff80000, 0x0000000100000000)
  eden space 126976K, 0% used [0x00000000f5580000,0x00000000f5580000,0x00000000fd180000)
  from space 16896K, 99% used [0x00000000fd300000,0x00000000fe369f80,0x00000000fe380000)
  to   space 23552K, 0% used [0x00000000fe880000,0x00000000fe880000,0x00000000fff80000)
 ParOldGen       total 330240K, used 22054K [0x00000000e0000000, 0x00000000f4280000, 0x00000000f5580000)
  object space 330240K, 6% used [0x00000000e0000000,0x00000000e1589bf0,0x00000000f4280000)
 Metaspace       used 57499K, capacity 59104K, committed 59160K, reserved 1099776K
  class space    used 7756K, capacity 8101K, committed 8104K, reserved 1048576K
}
Event: 2595.178 GC heap before
{Heap before GC invocations=14 (full 3):
 PSYoungGen      total 143872K, used 16807K [0x00000000f5580000, 0x00000000fff80000, 0x0000000100000000)
  eden space 126976K, 0% used [0x00000000f5580000,0x00000000f5580000,0x00000000fd180000)
  from space 16896K, 99% used [0x00000000fd300000,0x00000000fe369f80,0x00000000fe380000)
  to   space 23552K, 0% used [0x00000000fe880000,0x00000000fe880000,0x00000000fff80000)
 ParOldGen       total 330240K, used 22054K [0x00000000e0000000, 0x00000000f4280000, 0x00000000f5580000)
  object space 330240K, 6% used [0x00000000e0000000,0x00000000e1589bf0,0x00000000f4280000)
 Metaspace       used 57499K, capacity 59104K, committed 59160K, reserved 1099776K
  class space    used 7756K, capacity 8101K, committed 8104K, reserved 1048576K
Event: 2595.286 GC heap after
Heap after GC invocations=14 (full 3):
 PSYoungGen      total 143872K, used 0K [0x00000000f5580000, 0x00000000fff80000, 0x0000000100000000)
  eden space 126976K, 0% used [0x00000000f5580000,0x00000000f5580000,0x00000000fd180000)
  from space 16896K, 0% used [0x00000000fd300000,0x00000000fd300000,0x00000000fe380000)
  to   space 23552K, 0% used [0x00000000fe880000,0x00000000fe880000,0x00000000fff80000)
 ParOldGen       total 349696K, used 24844K [0x00000000e0000000, 0x00000000f5580000, 0x00000000f5580000)
  object space 349696K, 7% used [0x00000000e0000000,0x00000000e1843270,0x00000000f5580000)
 Metaspace       used 56503K, capacity 57414K, committed 59160K, reserved 1099776K
  class space    used 7544K, capacity 7755K, committed 8104K, reserved 1048576K
}
Event: 7809.175 GC heap before
{Heap before GC invocations=15 (full 3):
 PSYoungGen      total 143872K, used 126976K [0x00000000f5580000, 0x00000000fff80000, 0x0000000100000000)
  eden space 126976K, 100% used [0x00000000f5580000,0x00000000fd180000,0x00000000fd180000)
  from space 16896K, 0% used [0x00000000fd300000,0x00000000fd300000,0x00000000fe380000)
  to   space 23552K, 0% used [0x00000000fe880000,0x00000000fe880000,0x00000000fff80000)
 ParOldGen       total 349696K, used 24844K [0x00000000e0000000, 0x00000000f5580000, 0x00000000f5580000)
  object space 349696K, 7% used [0x00000000e0000000,0x00000000e1843270,0x00000000f5580000)
 Metaspace       used 59080K, capacity 60602K, committed 61352K, reserved 1101824K
  class space    used 7850K, capacity 8192K, committed 8360K, reserved 1048576K
Event: 7809.179 GC heap after
Heap after GC invocations=15 (full 3):
 PSYoungGen      total 150528K, used 6175K [0x00000000f5580000, 0x0000000100000000, 0x0000000100000000)
  eden space 126976K, 0% used [0x00000000f5580000,0x00000000f5580000,0x00000000fd180000)
  from space 23552K, 26% used [0x00000000fe880000,0x00000000fee87d58,0x00000000fff80000)
  to   space 23552K, 0% used [0x00000000fd180000,0x00000000fd180000,0x00000000fe880000)
 ParOldGen       total 349696K, used 24852K [0x00000000e0000000, 0x00000000f5580000, 0x00000000f5580000)
  object space 349696K, 7% used [0x00000000e0000000,0x00000000e1845270,0x00000000f5580000)
 Metaspace       used 59080K, capacity 60602K, committed 61352K, reserved 1101824K
  class space    used 7850K, capacity 8192K, committed 8360K, reserved 1048576K
}

